Build started 11/24/2014 2:28:09 PM.
     1>Project "C:\Users\chris\Desktop\lab 4\lab 4.vcxproj" on node 2 (build target(s)).
     1>InitializeBuildStatus:
         Creating "Debug\lab 4.unsuccessfulbuild" because "AlwaysCreate" was specified.
       ClCompile:
         C:\Program Files (x86)\Microsoft Visual Studio 10.0\VC\bin\CL.exe /c /ZI /nologo /W3 /WX- /Od /Oy- /D WIN32 /D _DEBUG /D _CONSOLE /D _UNICODE /D UNICODE /Gm /EHsc /RTC1 /MDd /GS /fp:precise /Zc:wchar_t /Zc:forScope /Fo"Debug\\" /Fd"Debug\vc100.pdb" /Gd /TP /analyze- /errorReport:prompt main.cpp Skill.cpp SkillTree.cpp
         SkillTree.cpp
         Skill.cpp
         main.cpp
         Generating Code...
       ManifestResourceCompile:
         C:\Program Files (x86)\Microsoft SDKs\Windows\v7.0A\bin\rc.exe /nologo /fo"Debug\lab 4.exe.embed.manifest.res" "Debug\lab 4_manifest.rc" 
       Link:
         C:\Program Files (x86)\Microsoft Visual Studio 10.0\VC\bin\link.exe /ERRORREPORT:PROMPT /OUT:"C:\Users\chris\Desktop\lab 4\Debug\lab 4.exe" /INCREMENTAL /NOLOGO kernel32.lib user32.lib gdi32.lib winspool.lib comdlg32.lib advapi32.lib shell32.lib ole32.lib oleaut32.lib uuid.lib odbc32.lib odbccp32.lib /MANIFEST /ManifestFile:"Debug\lab 4.exe.intermediate.manifest" /MANIFESTUAC:"level='asInvoker' uiAccess='false'" /DEBUG /PDB:"C:\Users\chris\Desktop\lab 4\Debug\lab 4.pdb" /SUBSYSTEM:CONSOLE /TLBID:1 /DYNAMICBASE /NXCOMPAT /IMPLIB:"C:\Users\chris\Desktop\lab 4\Debug\lab 4.lib" /MACHINE:X86 "Debug\lab 4.exe.embed.manifest.res"
         Debug\main.obj
         Debug\Skill.obj
         Debug\SkillTree.obj
       Manifest:
         C:\Program Files (x86)\Microsoft SDKs\Windows\v7.0A\bin\mt.exe /nologo /verbose /out:"Debug\lab 4.exe.embed.manifest" /manifest "Debug\lab 4.exe.intermediate.manifest"
         All outputs are up-to-date.
       LinkEmbedManifest:
         All outputs are up-to-date.
         lab 4.vcxproj -> C:\Users\chris\Desktop\lab 4\Debug\lab 4.exe
       FinalizeBuildStatus:
         Deleting file "Debug\lab 4.unsuccessfulbuild".
         Touching "Debug\lab 4.lastbuildstate".
     1>Done Building Project "C:\Users\chris\Desktop\lab 4\lab 4.vcxproj" (build target(s)).

Build succeeded.

Time Elapsed 00:00:01.96
